<?xml version="1.0" encoding="UTF-8"?>
<!-- Generated by org.testng.reporters.JUnitReportReporter -->
<testsuite hostname="Shalinis-MacBook-Air.local" failures="0" tests="8" name="api.test.DDTests" time="13.533" errors="0" timestamp="2024-09-05T15:06:37 IST" skipped="0">
  <testcase classname="api.test.DDTests" name="testPostUser" time="1.540"/>
  <testcase classname="api.test.DDTests" name="testPostUser" time="2.994"/>
  <testcase classname="api.test.DDTests" name="testPostUser" time="1.616"/>
  <testcase classname="api.test.DDTests" name="testPostUser" time="1.405"/>
  <testcase classname="api.test.DDTests" name="testdeleteUserByName" time="1.526"/>
  <testcase classname="api.test.DDTests" name="testdeleteUserByName" time="1.503"/>
  <testcase classname="api.test.DDTests" name="testdeleteUserByName" time="1.544"/>
  <testcase classname="api.test.DDTests" name="testdeleteUserByName" time="1.405"/>
</testsuite> <!-- api.test.DDTests -->
