<?xml version="1.0" encoding="UTF-8"?>
<!-- Generated by org.testng.reporters.JUnitReportReporter -->
<testsuite hostname="Shalinis-MacBook-Air.local" failures="0" tests="4" name="api.test.UserTests2" time="16.496" errors="0" timestamp="2024-09-07T11:18:25 IST" skipped="0">
  <testcase classname="api.test.UserTests2" name="testPostUser" time="4.855"/>
  <testcase classname="api.test.UserTests2" name="testGetUserByName" time="1.799"/>
  <testcase classname="api.test.UserTests2" name="testUpdateUserByName" time="5.296"/>
  <testcase classname="api.test.UserTests2" name="testDeleteUserByName" time="4.546"/>
</testsuite> <!-- api.test.UserTests2 -->
