<?xml version="1.0" encoding="UTF-8"?>
<!-- Generated by org.testng.reporters.JUnitReportReporter -->
<testsuite hostname="Shalinis-MacBook-Air.local" failures="0" tests="4" name="api.test.UserTests" time="12.986" errors="0" timestamp="2024-09-07T11:16:15 IST" skipped="0">
  <testcase classname="api.test.UserTests" name="testPostUser" time="2.767"/>
  <testcase classname="api.test.UserTests" name="testGetUserByName" time="3.371"/>
  <testcase classname="api.test.UserTests" name="testUpdateUserByName" time="4.292"/>
  <testcase classname="api.test.UserTests" name="testDeleteUserByName" time="2.556"/>
</testsuite> <!-- api.test.UserTests -->
