<?xml version="1.0" encoding="UTF-8"?>
<!-- Generated by org.testng.reporters.JUnitReportReporter -->
<testsuite hostname="Shalinis-MacBook-Air.local" failures="0" tests="4" name="api.test.UserTests" time="12.234" errors="0" timestamp="2024-09-07T14:31:45 IST" skipped="0">
  <testcase classname="api.test.UserTests" name="testPostUser" time="3.094"/>
  <testcase classname="api.test.UserTests" name="testGetUserByName" time="2.598"/>
  <testcase classname="api.test.UserTests" name="testUpdateUserByName" time="4.243"/>
  <testcase classname="api.test.UserTests" name="testDeleteUserByName" time="2.299"/>
</testsuite> <!-- api.test.UserTests -->
